[debug] [2021-04-11T06:49:02.765Z] ----------------------------------------------------------------------
[debug] [2021-04-11T06:49:02.767Z] Command:       C:\Program Files\nodejs\node.exe C:\Users\super\AppData\Roaming\npm\node_modules\firebase-tools\lib\bin\firebase.js deploy
[debug] [2021-04-11T06:49:02.768Z] CLI Version:   9.6.0
[debug] [2021-04-11T06:49:02.768Z] Platform:      win32
[debug] [2021-04-11T06:49:02.768Z] Node Version:  v12.16.1
[debug] [2021-04-11T06:49:02.769Z] Time:          Sun Apr 11 2021 12:19:02 GMT+0530 (India Standard Time)
[debug] [2021-04-11T06:49:02.770Z] ----------------------------------------------------------------------
[debug] [2021-04-11T06:49:02.770Z] 
[debug] [2021-04-11T06:49:02.803Z] >>> [apiv2][query] GET https://firebase-public.firebaseio.com/cli.json [none]
[debug] [2021-04-11T06:49:02.914Z] > command requires scopes: ["email","openid","https://www.googleapis.com/auth/cloudplatformprojects.readonly","https://www.googleapis.com/auth/firebase","https://www.googleapis.com/auth/cloud-platform"]
[debug] [2021-04-11T06:49:02.915Z] > authorizing via signed-in user
[debug] [2021-04-11T06:49:02.915Z] [iam] checking project matchmaking-3681b for permissions ["cloudfunctions.functions.create","cloudfunctions.functions.delete","cloudfunctions.functions.get","cloudfunctions.functions.list","cloudfunctions.functions.update","cloudfunctions.operations.get","firebase.projects.get","firebasehosting.sites.update"]
[debug] [2021-04-11T06:49:02.917Z] > refreshing access token with scopes: ["email","https://www.googleapis.com/auth/cloud-platform","https://www.googleapis.com/auth/cloudplatformprojects.readonly","https://www.googleapis.com/auth/firebase","openid"]
[debug] [2021-04-11T06:49:02.917Z] >>> HTTP REQUEST POST https://www.googleapis.com/oauth2/v3/token  
 <request body omitted>
[debug] [2021-04-11T06:49:03.328Z] <<< HTTP RESPONSE 200 {"cache-control":"no-cache, no-store, max-age=0, must-revalidate","date":"Sun, 11 Apr 2021 06:49:03 GMT","expires":"Mon, 01 Jan 1990 00:00:00 GMT","pragma":"no-cache","content-type":"application/json; charset=utf-8","vary":"X-Origin, Referer, Origin,Accept-Encoding","server":"scaffolding on HTTPServer2","x-xss-protection":"0","x-frame-options":"SAMEORIGIN","x-content-type-options":"nosniff","alt-svc":"h3-29=\":443\"; ma=2592000,h3-T051=\":443\"; ma=2592000,h3-Q050=\":443\"; ma=2592000,h3-Q046=\":443\"; ma=2592000,h3-Q043=\":443\"; ma=2592000,quic=\":443\"; ma=2592000; v=\"46,43\"","accept-ranges":"none","transfer-encoding":"chunked"}
[debug] [2021-04-11T06:49:03.500Z] >>> HTTP REQUEST POST https://cloudresourcemanager.googleapis.com/v1/projects/matchmaking-3681b:testIamPermissions  
 {"permissions":["cloudfunctions.functions.create","cloudfunctions.functions.delete","cloudfunctions.functions.get","cloudfunctions.functions.list","cloudfunctions.functions.update","cloudfunctions.operations.get","firebase.projects.get","firebasehosting.sites.update"]}
[debug] [2021-04-11T06:49:03.973Z] <<< [apiv2][status] GET https://firebase-public.firebaseio.com/cli.json 200
[debug] [2021-04-11T06:49:03.973Z] <<< [apiv2][body] GET https://firebase-public.firebaseio.com/cli.json {"cloudBuildErrorAfter":1594252800000,"cloudBuildWarnAfter":1590019200000,"defaultNode10After":1594252800000,"minVersion":"3.0.5","node8DeploysDisabledAfter":1613390400000,"node8RuntimeDisabledAfter":1615809600000,"node8WarnAfter":1600128000000}
[debug] [2021-04-11T06:49:05.174Z] <<< HTTP RESPONSE 200 {"content-type":"application/json; charset=UTF-8","vary":"X-Origin, Referer, Origin,Accept-Encoding","date":"Sun, 11 Apr 2021 06:49:05 GMT","server":"ESF","cache-control":"private","x-xss-protection":"0","x-frame-options":"SAMEORIGIN","x-content-type-options":"nosniff","server-timing":"gfet4t7; dur=1319","alt-svc":"h3-29=\":443\"; ma=2592000,h3-T051=\":443\"; ma=2592000,h3-Q050=\":443\"; ma=2592000,h3-Q046=\":443\"; ma=2592000,h3-Q043=\":443\"; ma=2592000,quic=\":443\"; ma=2592000; v=\"46,43\"","accept-ranges":"none","transfer-encoding":"chunked"}
[debug] [2021-04-11T06:49:05.176Z] >>> HTTP REQUEST POST https://iam.googleapis.com/v1/projects/matchmaking-3681b/serviceAccounts/matchmaking-3681b@appspot.gserviceaccount.com:testIamPermissions  
 {"permissions":["iam.serviceAccounts.actAs"]}
[debug] [2021-04-11T06:49:06.925Z] <<< HTTP RESPONSE 200 {"content-type":"application/json; charset=UTF-8","vary":"X-Origin, Referer, Origin,Accept-Encoding","date":"Sun, 11 Apr 2021 06:49:06 GMT","server":"ESF","cache-control":"private","x-xss-protection":"0","x-frame-options":"SAMEORIGIN","x-content-type-options":"nosniff","alt-svc":"h3-29=\":443\"; ma=2592000,h3-T051=\":443\"; ma=2592000,h3-Q050=\":443\"; ma=2592000,h3-Q046=\":443\"; ma=2592000,h3-Q043=\":443\"; ma=2592000,quic=\":443\"; ma=2592000; v=\"46,43\"","accept-ranges":"none","transfer-encoding":"chunked"}
[debug] [2021-04-11T06:49:06.927Z] > refreshing access token with scopes: []
[debug] [2021-04-11T06:49:06.927Z] >>> HTTP REQUEST POST https://www.googleapis.com/oauth2/v3/token  
 <request body omitted>
[debug] [2021-04-11T06:49:07.316Z] <<< HTTP RESPONSE 200 {"cache-control":"no-cache, no-store, max-age=0, must-revalidate","pragma":"no-cache","date":"Sun, 11 Apr 2021 06:49:07 GMT","expires":"Mon, 01 Jan 1990 00:00:00 GMT","content-type":"application/json; charset=utf-8","vary":"X-Origin, Referer, Origin,Accept-Encoding","server":"scaffolding on HTTPServer2","x-xss-protection":"0","x-frame-options":"SAMEORIGIN","x-content-type-options":"nosniff","alt-svc":"h3-29=\":443\"; ma=2592000,h3-T051=\":443\"; ma=2592000,h3-Q050=\":443\"; ma=2592000,h3-Q046=\":443\"; ma=2592000,h3-Q043=\":443\"; ma=2592000,quic=\":443\"; ma=2592000; v=\"46,43\"","accept-ranges":"none","transfer-encoding":"chunked"}
[debug] [2021-04-11T06:49:08.168Z] >>> [apiv2][query] GET https://firebase.googleapis.com/v1beta1/projects/matchmaking-3681b [none]
[debug] [2021-04-11T06:49:08.573Z] <<< [apiv2][status] GET https://firebase.googleapis.com/v1beta1/projects/matchmaking-3681b 200
[debug] [2021-04-11T06:49:08.573Z] <<< [apiv2][body] GET https://firebase.googleapis.com/v1beta1/projects/matchmaking-3681b {"projectId":"matchmaking-3681b","projectNumber":"1024779431784","displayName":"Matchmaking","name":"projects/matchmaking-3681b","resources":{"hostingSite":"matchmaking-3681b","storageBucket":"matchmaking-3681b.appspot.com","locationId":"asia-south1"},"state":"ACTIVE"}
[debug] [2021-04-11T06:49:08.989Z] TypeError [ERR_INVALID_ARG_TYPE]: The "path" argument must be of type string. Received undefined
    at validateString (internal/validators.js:117:11)
    at Object.join (path.js:375:7)
    at Object.checkFunctionsSDKVersion [as fn] (C:\Users\super\AppData\Roaming\npm\node_modules\firebase-tools\lib\checkFirebaseSDKVersion.js:34:28)
    at C:\Users\super\AppData\Roaming\npm\node_modules\firebase-tools\lib\command.js:161:30
    at processTicksAndRejections (internal/process/task_queues.js:97:5)
[error] 
[error] Error: An unexpected error has occurred.
[debug] [2021-04-11T06:49:27.955Z] ----------------------------------------------------------------------
[debug] [2021-04-11T06:49:27.957Z] Command:       C:\Program Files\nodejs\node.exe C:\Users\super\AppData\Roaming\npm\node_modules\firebase-tools\lib\bin\firebase.js deploy --only hosting
[debug] [2021-04-11T06:49:27.958Z] CLI Version:   9.6.0
[debug] [2021-04-11T06:49:27.958Z] Platform:      win32
[debug] [2021-04-11T06:49:27.958Z] Node Version:  v12.16.1
[debug] [2021-04-11T06:49:27.959Z] Time:          Sun Apr 11 2021 12:19:27 GMT+0530 (India Standard Time)
[debug] [2021-04-11T06:49:27.960Z] ----------------------------------------------------------------------
[debug] [2021-04-11T06:49:27.960Z] 
[debug] [2021-04-11T06:49:27.970Z] > command requires scopes: ["email","openid","https://www.googleapis.com/auth/cloudplatformprojects.readonly","https://www.googleapis.com/auth/firebase","https://www.googleapis.com/auth/cloud-platform"]
[debug] [2021-04-11T06:49:27.971Z] > authorizing via signed-in user
[debug] [2021-04-11T06:49:27.971Z] [iam] checking project matchmaking-3681b for permissions ["firebase.projects.get","firebasehosting.sites.update"]
[debug] [2021-04-11T06:49:27.974Z] > refreshing access token with scopes: ["email","https://www.googleapis.com/auth/cloud-platform","https://www.googleapis.com/auth/cloudplatformprojects.readonly","https://www.googleapis.com/auth/firebase","openid"]
[debug] [2021-04-11T06:49:27.975Z] >>> HTTP REQUEST POST https://www.googleapis.com/oauth2/v3/token  
 <request body omitted>
[debug] [2021-04-11T06:49:28.191Z] <<< HTTP RESPONSE 200 {"date":"Sun, 11 Apr 2021 06:49:28 GMT","pragma":"no-cache","cache-control":"no-cache, no-store, max-age=0, must-revalidate","expires":"Mon, 01 Jan 1990 00:00:00 GMT","content-type":"application/json; charset=utf-8","vary":"X-Origin, Referer, Origin,Accept-Encoding","server":"scaffolding on HTTPServer2","x-xss-protection":"0","x-frame-options":"SAMEORIGIN","x-content-type-options":"nosniff","alt-svc":"h3-29=\":443\"; ma=2592000,h3-T051=\":443\"; ma=2592000,h3-Q050=\":443\"; ma=2592000,h3-Q046=\":443\"; ma=2592000,h3-Q043=\":443\"; ma=2592000,quic=\":443\"; ma=2592000; v=\"46,43\"","accept-ranges":"none","transfer-encoding":"chunked"}
[debug] [2021-04-11T06:49:28.449Z] >>> HTTP REQUEST POST https://cloudresourcemanager.googleapis.com/v1/projects/matchmaking-3681b:testIamPermissions  
 {"permissions":["firebase.projects.get","firebasehosting.sites.update"]}
[debug] [2021-04-11T06:49:29.918Z] <<< HTTP RESPONSE 200 {"content-type":"application/json; charset=UTF-8","vary":"X-Origin, Referer, Origin,Accept-Encoding","date":"Sun, 11 Apr 2021 06:49:29 GMT","server":"ESF","cache-control":"private","x-xss-protection":"0","x-frame-options":"SAMEORIGIN","x-content-type-options":"nosniff","server-timing":"gfet4t7; dur=1309","alt-svc":"h3-29=\":443\"; ma=2592000,h3-T051=\":443\"; ma=2592000,h3-Q050=\":443\"; ma=2592000,h3-Q046=\":443\"; ma=2592000,h3-Q043=\":443\"; ma=2592000,quic=\":443\"; ma=2592000; v=\"46,43\"","accept-ranges":"none","transfer-encoding":"chunked"}
[debug] [2021-04-11T06:49:29.920Z] > refreshing access token with scopes: []
[debug] [2021-04-11T06:49:29.920Z] >>> HTTP REQUEST POST https://www.googleapis.com/oauth2/v3/token  
 <request body omitted>
[debug] [2021-04-11T06:49:30.099Z] <<< HTTP RESPONSE 200 {"date":"Sun, 11 Apr 2021 06:49:30 GMT","cache-control":"no-cache, no-store, max-age=0, must-revalidate","expires":"Mon, 01 Jan 1990 00:00:00 GMT","pragma":"no-cache","content-type":"application/json; charset=utf-8","vary":"X-Origin, Referer, Origin,Accept-Encoding","server":"scaffolding on HTTPServer2","x-xss-protection":"0","x-frame-options":"SAMEORIGIN","x-content-type-options":"nosniff","alt-svc":"h3-29=\":443\"; ma=2592000,h3-T051=\":443\"; ma=2592000,h3-Q050=\":443\"; ma=2592000,h3-Q046=\":443\"; ma=2592000,h3-Q043=\":443\"; ma=2592000,quic=\":443\"; ma=2592000; v=\"46,43\"","accept-ranges":"none","transfer-encoding":"chunked"}
[debug] [2021-04-11T06:49:30.394Z] >>> [apiv2][query] GET https://firebase.googleapis.com/v1beta1/projects/matchmaking-3681b [none]
[debug] [2021-04-11T06:49:30.787Z] <<< [apiv2][status] GET https://firebase.googleapis.com/v1beta1/projects/matchmaking-3681b 200
[debug] [2021-04-11T06:49:30.787Z] <<< [apiv2][body] GET https://firebase.googleapis.com/v1beta1/projects/matchmaking-3681b {"projectId":"matchmaking-3681b","projectNumber":"1024779431784","displayName":"Matchmaking","name":"projects/matchmaking-3681b","resources":{"hostingSite":"matchmaking-3681b","storageBucket":"matchmaking-3681b.appspot.com","locationId":"asia-south1"},"state":"ACTIVE"}
[debug] [2021-04-11T06:49:30.963Z] TypeError [ERR_INVALID_ARG_TYPE]: The "path" argument must be of type string. Received undefined
    at validateString (internal/validators.js:117:11)
    at Object.join (path.js:375:7)
    at Object.checkFunctionsSDKVersion [as fn] (C:\Users\super\AppData\Roaming\npm\node_modules\firebase-tools\lib\checkFirebaseSDKVersion.js:34:28)
    at C:\Users\super\AppData\Roaming\npm\node_modules\firebase-tools\lib\command.js:161:30
    at processTicksAndRejections (internal/process/task_queues.js:97:5)
[error] 
[error] Error: An unexpected error has occurred.
